
 Augmented Lagrangian Solver
Subproblem Solver: Trust Region
  iter  fval           cnorm          gLnorm         snorm          penalty   feasTol   optTol    #fval   #grad   #cval   subIter 
  0     4.390858e-01   0.000000e+00   4.198785e-01                  1.00e+01  1.26e-01  1.00e-02  

Dogleg Trust-Region Solver with Limited-Memory BFGS Hessian Approximation
  iter  value          gnorm          snorm          delta          #fval     #grad     tr_flag   
  0     4.390858e-01   4.198785e-01                  2.909947e-01   
  1     3.799019e-01   7.576005e-02   2.909947e-01   2.909947e-01   3         2         0         
  2     3.759470e-01   7.155374e-02   5.490100e-02   7.274868e-01   4         3         0         
  3     3.491400e-01   8.308783e-02   7.274868e-01   1.818717e+00   5         4         0         
  4     3.450490e-01   2.695990e-02   1.132847e-01   4.546792e+00   6         5         0         
  5     3.432938e-01   2.113501e-02   1.712058e-01   1.136698e+01   7         6         0         
  6     3.424302e-01   2.869741e-02   9.023689e-02   2.841745e+01   8         7         0         
  7     3.394527e-01   3.979773e-02   3.847605e-01   7.104363e+01   9         8         0         
  8     3.354685e-01   4.295319e-02   4.874561e-01   1.776091e+02   10        9         0         
  9     3.282481e-01   3.596537e-02   1.523804e+00   4.440227e+02   11        10        0         
  10    3.206986e-01   1.664923e-02   4.439203e-01   1.110057e+03   12        11        0         
Optimization Terminated with Status: Iteration Limit Exceeded
  1     3.004840e-01   5.660451e-01   4.687029e-02   3.168966e+00   1.00e+02  1.26e-01  1.00e-01  15      13      24      10      

Dogleg Trust-Region Solver with Limited-Memory BFGS Hessian Approximation
  iter  value          gnorm          snorm          delta          #fval     #grad     tr_flag   
  0     2.321945e+00   1.942599e+01                  1.942599e+01   
  1     2.321945e+00   1.942599e+01   1.942599e+01   3.531999e+00   3         1         5         
  2     2.321945e+00   1.942599e+01   3.531999e+00   3.846731e-01   4         1         5         
  3     2.321945e+00   1.942599e+01   3.846731e-01   9.616828e-02   5         2         0         
  4     8.888587e-01   1.032296e+01   9.616828e-02   9.616828e-02   6         3         0         
  5     3.472980e-01   8.819128e-01   9.616828e-02   2.404207e-01   7         4         0         
  6     3.434140e-01   2.291651e-02   8.983599e-03   6.010518e-01   8         5         0         
Optimization Terminated with Status: Converged
  2     3.431569e-01   6.383914e-03   6.451368e-02   4.280880e-01   1.00e+02  7.94e-02  1.00e-03  24      18      36      6       

Dogleg Trust-Region Solver with Limited-Memory BFGS Hessian Approximation
  iter  value          gnorm          snorm          delta          #fval     #grad     tr_flag   
  0     3.439282e-01   2.092742e-01                  1.627780e-02   
  1     3.439282e-01   2.092742e-01   1.627780e-02   1.686822e-03   3         1         2         
  2     3.437173e-01   4.238175e-02   1.686822e-03   1.686822e-03   4         2         0         
  3     3.437070e-01   1.430222e-02   4.417295e-04   4.217054e-03   5         3         0         
  4     3.437045e-01   1.545658e-02   1.878026e-04   1.054264e-02   6         4         0         
  5     3.436712e-01   5.297925e-02   3.296258e-03   2.635659e-02   7         5         0         
  6     3.436129e-01   9.893980e-02   6.795102e-03   6.589147e-02   8         6         0         
  7     3.434552e-01   1.734232e-01   2.038573e-02   1.647287e-01   9         7         0         
  8     3.431687e-01   2.396365e-01   4.060554e-02   4.118217e-01   10        8         0         
  9     3.427621e-01   2.424648e-01   6.193354e-02   1.029554e+00   11        9         0         
  10    3.419238e-01   1.676715e-01   1.062630e-01   2.573886e+00   12        10        0         
Optimization Terminated with Status: Iteration Limit Exceeded
  3     3.421543e-01   4.332067e-03   4.720224e-01   3.869033e-01   1.00e+02  5.01e-02  1.00e-04  37      28      57      10      

Dogleg Trust-Region Solver with Limited-Memory BFGS Hessian Approximation
  iter  value          gnorm          snorm          delta          #fval     #grad     tr_flag   
  0     3.421606e-01   3.213578e-01                  2.578139e-02   
  1     3.421606e-01   3.213578e-01   2.578139e-02   2.674701e-03   3         1         2         
  2     3.416593e-01   5.414287e-02   2.674701e-03   2.674701e-03   4         2         0         
  3     3.416440e-01   9.875409e-03   5.463808e-04   6.686753e-03   5         3         0         
  4     3.416430e-01   1.009062e-02   1.075928e-04   1.671688e-02   6         4         0         
  5     3.415996e-01   5.483547e-02   6.018738e-03   4.179220e-02   7         5         0         
  6     3.415323e-01   1.003532e-01   1.135221e-02   1.044805e-01   8         6         0         
  7     3.413639e-01   1.587368e-01   3.241650e-02   2.612013e-01   9         7         0         
  8     3.411371e-01   1.651475e-01   5.168164e-02   6.530032e-01   10        8         0         
  9     3.408197e-01   1.099454e-01   6.486162e-02   1.632508e+00   11        9         0         
  10    3.403707e-01   6.926247e-02   1.191996e-01   4.081270e+00   12        10        0         
Optimization Terminated with Status: Iteration Limit Exceeded
  4     3.402426e-01   2.898490e-03   1.949851e-01   3.828783e-01   1.00e+02  3.16e-02  1.00e-04  50      38      78      10      

Dogleg Trust-Region Solver with Limited-Memory BFGS Hessian Approximation
  iter  value          gnorm          snorm          delta          #fval     #grad     tr_flag   
  0     3.404767e-01   3.830219e-02                  3.232784e-03   
  1     3.404767e-01   3.830219e-02   3.232784e-03   3.360415e-04   3         1         2         
  2     3.404687e-01   1.507676e-02   3.360415e-04   3.360415e-04   4         2         0         
  3     3.404657e-01   1.564653e-02   2.314860e-04   8.401038e-04   5         3         0         
  4     3.404560e-01   2.590434e-02   8.401038e-04   2.100260e-03   6         4         0         
  5     3.404314e-01   4.132047e-02   2.100260e-03   5.250649e-03   7         5         0         
  6     3.403674e-01   5.759023e-02   5.250649e-03   1.312662e-02   8         6         0         
  7     3.402082e-01   6.543763e-02   1.312662e-02   3.281656e-02   9         7         0         
  8     3.398857e-01   4.871605e-02   3.281656e-02   8.204139e-02   10        8         0         
  9     3.396317e-01   2.529898e-02   5.894883e-02   2.051035e-01   11        9         0         
  10    3.395941e-01   1.533581e-02   1.013009e-02   5.127587e-01   12        10        0         
Optimization Terminated with Status: Iteration Limit Exceeded
  5     3.394964e-01   1.374053e-03   4.317280e-02   1.711299e-01   1.00e+02  2.00e-02  1.00e-04  63      48      99      10      

Dogleg Trust-Region Solver with Limited-Memory BFGS Hessian Approximation
  iter  value          gnorm          snorm          delta          #fval     #grad     tr_flag   
  0     3.396179e-01   3.609096e-02                  2.886821e-03   
  1     3.396179e-01   3.609096e-02   2.886821e-03   2.994610e-04   3         1         2         
  2     3.396114e-01   9.347744e-03   2.994610e-04   2.994610e-04   4         2         0         
  3     3.396106e-01   7.418496e-03   1.164890e-04   7.486524e-04   5         3         0         
  4     3.396092e-01   1.152333e-02   2.543600e-04   1.871631e-03   6         4         0         
  5     3.396049e-01   2.473961e-02   9.441516e-04   4.679078e-03   7         5         0         
  6     3.395944e-01   4.586342e-02   2.511464e-03   1.169769e-02   8         6         0         
  7     3.395673e-01   7.950810e-02   6.914648e-03   2.924423e-02   9         7         0         
  8     3.395045e-01   1.249641e-01   1.688254e-02   7.311059e-02   10        8         0         
  9     3.393799e-01   1.693994e-01   3.543019e-02   1.827765e-01   11        9         0         
  10    3.392009e-01   1.728712e-01   5.305491e-02   4.569412e-01   12        10        0         
Optimization Terminated with Status: Iteration Limit Exceeded
  6     3.394298e-01   4.398509e-03   4.866604e-01   2.723538e-01   1.00e+02  1.26e-02  1.00e-04  76      58      120     10      

Dogleg Trust-Region Solver with Limited-Memory BFGS Hessian Approximation
  iter  value          gnorm          snorm          delta          #fval     #grad     tr_flag   
  0     3.394450e-01   3.293871e-01                  2.637551e-02   
  1     3.394450e-01   3.293871e-01   2.637551e-02   2.736144e-03   3         1         2         
  2     3.389209e-01   5.420916e-02   2.736144e-03   2.736144e-03   4         2         0         
  3     3.389059e-01   8.152371e-03   5.419662e-04   6.840360e-03   5         3         0         
  4     3.389052e-01   8.270228e-03   8.598589e-05   1.710090e-02   6         4         0         
  5     3.388645e-01   5.202727e-02   6.836477e-03   4.275225e-02   7         5         0         
  6     3.388049e-01   9.247607e-02   1.234612e-02   1.068806e-01   8         6         0         
  7     3.386705e-01   1.333135e-01   3.244173e-02   2.672015e-01   9         7         0         
  8     3.385263e-01   1.163794e-01   4.253497e-02   6.680039e-01   10        8         0         
  9     3.384367e-01   5.441897e-02   2.830848e-02   1.670010e+00   11        9         0         
  10    3.384008e-01   1.410329e-02   8.860462e-03   4.175024e+00   12        10        0         
Optimization Terminated with Status: Iteration Limit Exceeded
  7     3.381700e-01   4.421411e-03   3.970305e-02   2.881191e-01   1.00e+02  7.94e-03  1.00e-04  89      68      141     10      

Dogleg Trust-Region Solver with Limited-Memory BFGS Hessian Approximation
  iter  value          gnorm          snorm          delta          #fval     #grad     tr_flag   
  0     3.386474e-01   1.471596e-01                  1.147621e-02   
  1     3.386474e-01   1.471596e-01   1.147621e-02   1.189360e-03   3         1         2         
  2     3.385432e-01   2.912751e-02   1.189360e-03   1.189360e-03   4         2         0         
  3     3.385384e-01   9.528502e-03   3.019799e-04   2.973399e-03   5         3         0         
  4     3.385373e-01   1.024387e-02   1.230147e-04   7.433497e-03   6         4         0         
  5     3.385219e-01   3.570482e-02   2.279846e-03   1.858374e-02   7         5         0         
  6     3.384955e-01   6.613692e-02   4.631314e-03   4.645936e-02   8         6         0         
  7     3.384265e-01   1.128506e-01   1.354930e-02   1.161484e-01   9         7         0         
  8     3.383112e-01   1.460249e-01   2.505626e-02   2.903710e-01   10        8         0         
  9     3.381712e-01   1.279016e-01   3.285722e-02   7.259274e-01   11        9         0         
  10    3.380736e-01   5.610682e-02   2.187740e-02   1.814819e+00   12        10        0         
Optimization Terminated with Status: Iteration Limit Exceeded
  8     3.381593e-01   1.180436e-03   1.579498e-01   1.423807e-01   1.00e+02  5.01e-03  1.00e-04  102     78      162     10      

Dogleg Trust-Region Solver with Limited-Memory BFGS Hessian Approximation
  iter  value          gnorm          snorm          delta          #fval     #grad     tr_flag   
  0     3.380911e-01   9.794452e-02                  7.750094e-03   
  1     3.380911e-01   9.794452e-02   7.750094e-03   8.036243e-04   3         1         2         
  2     3.380448e-01   1.836076e-02   8.036243e-04   8.036243e-04   4         2         0         
  3     3.380428e-01   7.357411e-03   1.926297e-04   2.009061e-03   5         3         0         
  4     3.380421e-01   8.195611e-03   1.063254e-04   5.022652e-03   6         4         0         
  5     3.380353e-01   2.492893e-02   1.323900e-03   1.255663e-02   7         5         0         
  6     3.380228e-01   4.671175e-02   2.846304e-03   3.139158e-02   8         6         0         
  7     3.379877e-01   8.365129e-02   8.706988e-03   7.847894e-02   9         7         0         
  8     3.379143e-01   1.242793e-01   1.959334e-02   1.961973e-01   10        8         0         
  9     3.377864e-01   1.437194e-01   3.756452e-02   4.904934e-01   11        9         0         
  10    3.376582e-01   1.027368e-01   4.282494e-02   1.226233e+00   12        10        0         
Optimization Terminated with Status: Iteration Limit Exceeded
  9     3.372576e-01   4.329671e-03   2.892209e-01   2.668790e-01   1.00e+02  3.16e-03  1.00e-04  115     88      183     10      

Dogleg Trust-Region Solver with Limited-Memory BFGS Hessian Approximation
  iter  value          gnorm          snorm          delta          #fval     #grad     tr_flag   
  0     3.378947e-01   2.565995e-01                  1.982519e-02   
  1     3.378947e-01   2.565995e-01   1.982519e-02   2.053929e-03   3         1         2         
  2     3.375798e-01   5.048618e-02   2.053929e-03   2.053929e-03   4         2         0         
  3     3.375667e-01   8.379233e-03   5.070961e-04   5.134822e-03   5         3         0         
  4     3.375659e-01   8.532402e-03   8.934846e-05   1.283705e-02   6         4         0         
  5     3.375272e-01   5.114675e-02   6.374880e-03   3.209263e-02   7         5         0         
  6     3.374721e-01   8.991526e-02   1.124990e-02   8.023159e-02   8         6         0         
  7     3.373577e-01   1.272802e-01   2.756136e-02   2.005790e-01   9         7         0         
  8     3.372431e-01   1.109888e-01   3.128272e-02   5.014474e-01   10        8         0         
  9     3.371630e-01   4.652256e-02   2.137144e-02   1.253619e+00   11        9         0         
  10    3.371420e-01   1.162297e-02   5.283384e-03   3.134046e+00   12        10        0         
Optimization Terminated with Status: Iteration Limit Exceeded
  10    3.374055e-01   2.538344e-03   3.272054e-02   1.932050e-01   1.00e+02  2.00e-03  1.00e-04  128     98      204     10      
Optimization Terminated with Status: Iteration Limit Exceeded
ReducedObjective is deprecated and may be removedin the future. Use PDEconstrainedObjective instead.
