
 Augmented Lagrangian Solver
Subproblem Solver: Trust Region
  iter  fval           cnorm          gLnorm         snorm          penalty   feasTol   optTol    #fval   #grad   #cval   subIter 
  0     4.390858e-01   0.000000e+00   4.198785e-01                  1.00e+01  1.26e-01  1.00e-02  

Dogleg Trust-Region Solver with Limited-Memory BFGS Hessian Approximation
  iter  value          gnorm          snorm          delta          #fval     #grad     tr_flag   
  0     4.390858e-01   4.198785e-01                  2.909947e-01   
  1     3.799019e-01   7.576005e-02   2.909947e-01   2.909947e-01   3         2         0         
  2     3.759470e-01   7.155374e-02   5.490100e-02   7.274868e-01   4         3         0         
  3     3.491400e-01   8.308783e-02   7.274868e-01   1.818717e+00   5         4         0         
  4     3.450490e-01   2.695990e-02   1.132847e-01   4.546792e+00   6         5         0         
  5     3.432938e-01   2.113501e-02   1.712058e-01   1.136698e+01   7         6         0         
  6     3.424302e-01   2.869741e-02   9.023689e-02   2.841745e+01   8         7         0         
  7     3.394527e-01   3.979773e-02   3.847605e-01   7.104363e+01   9         8         0         
  8     3.354685e-01   4.295319e-02   4.874561e-01   1.776091e+02   10        9         0         
  9     3.257584e-01   3.118590e-02   1.523804e+00   4.440227e+02   11        10        0         
  10    3.187711e-01   1.440608e-02   9.287415e-01   1.110057e+03   12        11        0         
  11    3.163553e-01   1.835959e-02   4.991219e-01   2.775142e+03   13        12        0         
  12    3.149876e-01   2.067403e-02   4.549092e-01   6.937855e+03   14        13        0         
  13    3.129686e-01   1.430661e-02   7.575895e-01   1.734464e+04   15        14        0         
  14    3.115862e-01   8.740791e-03   5.327547e-01   4.336159e+04   16        15        0         
  15    3.101732e-01   9.752813e-03   7.877861e-01   1.084040e+05   17        16        0         
Optimization Terminated with Status: Iteration Limit Exceeded
  1     2.942003e-01   5.031651e-01   2.745575e-02   6.128204e+00   1.00e+02  1.26e-01  1.00e-01  20      18      34      15      

Dogleg Trust-Region Solver with Limited-Memory BFGS Hessian Approximation
  iter  value          gnorm          snorm          delta          #fval     #grad     tr_flag   
  0     1.891492e+00   1.762868e+01                  1.762868e+01   
  1     1.891492e+00   1.762868e+01   1.762868e+01   3.205215e+00   3         1         5         
  2     1.891492e+00   1.762868e+01   3.205215e+00   3.490829e-01   4         1         5         
  3     1.891492e+00   1.762868e+01   3.490829e-01   3.522215e-02   5         1         2         
  4     1.331127e+00   1.418177e+01   3.522215e-02   8.805537e-02   6         2         0         
  5     4.693500e-01   5.336323e+00   8.805537e-02   2.201384e-01   7         3         0         
  6     3.314263e-01   1.662365e-01   5.312255e-02   5.503461e-01   8         4         0         
  7     3.312927e-01   1.952968e-02   1.603900e-03   1.375865e+00   9         5         0         
Optimization Terminated with Status: Converged
  2     3.310085e-01   6.711613e-03   5.497923e-02   4.132171e-01   1.00e+02  7.94e-02  1.00e-03  30      23      47      7       

Dogleg Trust-Region Solver with Limited-Memory BFGS Hessian Approximation
  iter  value          gnorm          snorm          delta          #fval     #grad     tr_flag   
  0     3.318611e-01   2.461116e-01                  1.868912e-02   
  1     3.318611e-01   2.461116e-01   1.868912e-02   1.935035e-03   3         1         2         
  2     3.315796e-01   4.759864e-02   1.935035e-03   1.935035e-03   4         2         0         
  3     3.315663e-01   1.967460e-02   4.836312e-04   4.837589e-03   5         3         0         
  4     3.315615e-01   2.205924e-02   2.795366e-04   1.209397e-02   6         4         0         
  5     3.315171e-01   6.516979e-02   3.271537e-03   3.023493e-02   7         5         0         
  6     3.314373e-01   1.189967e-01   6.866495e-03   7.558732e-02   8         6         0         
  7     3.312357e-01   1.985180e-01   1.933203e-02   1.889683e-01   9         7         0         
  8     3.309023e-01   2.532394e-01   3.517767e-02   4.724208e-01   10        8         0         
  9     3.304889e-01   2.210493e-01   4.607857e-02   1.181052e+00   11        9         0         
  10    3.302020e-01   9.341880e-02   3.264407e-02   2.952630e+00   12        10        0         
  11    3.301475e-01   9.265455e-03   7.414629e-03   7.381574e+00   13        11        0         
  12    3.301447e-01   1.556227e-02   1.039903e-03   1.845394e+01   14        12        0         
  13    3.301408e-01   2.602549e-02   1.667719e-03   4.613484e+01   15        13        0         
  14    3.301303e-01   4.423776e-02   3.194261e-03   1.153371e+02   16        14        0         
  15    3.301033e-01   7.287453e-02   6.150392e-03   2.883427e+02   17        15        0         
Optimization Terminated with Status: Iteration Limit Exceeded
  3     3.299420e-01   1.691780e-03   2.051536e-01   2.035071e-01   1.00e+02  5.01e-02  1.00e-04  48      38      78      15      

Dogleg Trust-Region Solver with Limited-Memory BFGS Hessian Approximation
  iter  value          gnorm          snorm          delta          #fval     #grad     tr_flag   
  0     3.301394e-01   1.338089e-01                  1.027006e-02   
  1     3.301394e-01   1.338089e-01   1.027006e-02   1.063746e-03   3         1         2         
  2     3.300557e-01   2.470111e-02   1.063746e-03   1.063746e-03   4         2         0         
  3     3.300523e-01   8.309214e-03   2.476392e-04   2.659364e-03   5         3         0         
  4     3.300515e-01   8.965463e-03   1.051641e-04   6.648410e-03   6         4         0         
  5     3.300405e-01   3.097885e-02   1.859706e-03   1.662103e-02   7         5         0         
  6     3.300209e-01   5.874688e-02   3.899070e-03   4.155256e-02   8         6         0         
  7     3.299650e-01   1.074988e-01   1.222289e-02   1.038814e-01   9         7         0         
  8     3.298491e-01   1.637573e-01   2.733228e-02   2.597035e-01   10        8         0         
  9     3.296438e-01   2.024136e-01   5.208450e-02   6.492588e-01   11        9         0         
  10    3.294024e-01   1.703773e-01   6.340610e-02   1.623147e+00   12        10        0         
  11    3.292365e-01   6.898593e-02   4.282310e-02   4.057868e+00   13        11        0         
  12    3.292026e-01   1.134828e-02   7.318236e-03   1.014467e+01   14        12        0         
  13    3.291995e-01   1.948969e-02   2.280883e-03   2.536167e+01   15        13        0         
  14    3.291936e-01   3.218369e-02   3.867998e-03   6.340418e+01   16        14        0         
  15    3.291786e-01   5.187910e-02   5.454617e-03   1.585105e+02   17        15        0         
Optimization Terminated with Status: Iteration Limit Exceeded
  4     3.292385e-01   5.852113e-04   1.460481e-01   2.209741e-01   1.00e+02  3.16e-02  1.00e-04  66      53      109     15      

Dogleg Trust-Region Solver with Limited-Memory BFGS Hessian Approximation
  iter  value          gnorm          snorm          delta          #fval     #grad     tr_flag   
  0     3.291830e-01   3.130915e-02                  2.529522e-03   
  1     3.291830e-01   3.130915e-02   2.529522e-03   2.624956e-04   3         1         2         
  2     3.291780e-01   1.017194e-02   2.624956e-04   2.624956e-04   4         2         0         
  3     3.291768e-01   9.859933e-03   1.370448e-04   6.562389e-04   5         3         0         
  4     3.291730e-01   1.950337e-02   5.744420e-04   1.640597e-03   6         4         0         
  5     3.291639e-01   3.847927e-02   1.569593e-03   4.101493e-03   7         5         0         
  6     3.291416e-01   6.606754e-02   4.101493e-03   1.025373e-02   8         6         0         
  7     3.290888e-01   1.012091e-01   1.025373e-02   2.563433e-02   9         7         0         
  8     3.289921e-01   1.302666e-01   2.208461e-02   6.408583e-02   10        8         0         
  9     3.288978e-01   1.085982e-01   2.260025e-02   1.602146e-01   11        9         0         
  10    3.288346e-01   4.151635e-02   1.546495e-02   4.005364e-01   12        10        0         
  11    3.288246e-01   5.157826e-03   1.182933e-03   1.001341e+00   13        11        0         
  12    3.288239e-01   6.768667e-03   1.302270e-03   2.503353e+00   14        12        0         
  13    3.288233e-01   9.122999e-03   1.032575e-03   6.258382e+00   15        13        0         
  14    3.288207e-01   1.502111e-02   2.336938e-03   1.564596e+01   16        14        0         
  15    3.288137e-01   2.523301e-02   3.818111e-03   3.911489e+01   17        15        0         
Optimization Terminated with Status: Iteration Limit Exceeded
  5     3.288903e-01   8.192740e-04   7.103500e-02   9.963308e-02   1.00e+02  2.00e-02  1.00e-04  84      68      140     15      

Dogleg Trust-Region Solver with Limited-Memory BFGS Hessian Approximation
  iter  value          gnorm          snorm          delta          #fval     #grad     tr_flag   
  0     3.288221e-01   6.377380e-03                  6.621710e-04   
  1     3.288221e-01   6.377380e-03   6.621710e-04   6.946268e-05   3         1         2         
  2     3.288218e-01   4.342884e-03   6.946268e-05   6.946268e-05   4         2         0         
  3     3.288215e-01   4.348792e-03   6.946268e-05   1.736567e-04   5         3         0         
  4     3.288208e-01   4.761489e-03   1.736567e-04   4.341417e-04   6         4         0         
  5     3.288194e-01   9.919867e-03   4.341417e-04   1.085354e-03   7         5         0         
  6     3.288144e-01   4.721033e-03   1.085354e-03   2.713386e-03   8         6         0         
  7     3.288033e-01   9.677997e-03   2.713386e-03   6.783465e-03   9         7         0         
  8     3.287750e-01   4.467912e-03   6.783465e-03   1.695866e-02   10        8         0         
  9     3.287103e-01   8.139509e-03   1.695866e-02   4.239665e-02   11        9         0         
  10    3.285773e-01   5.342918e-03   4.239665e-02   1.059916e-01   12        10        0         
  11    3.284122e-01   1.352350e-02   1.059916e-01   2.649791e-01   13        11        0         
  12    3.282466e-01   1.064758e-02   6.288074e-02   6.624477e-01   14        12        0         
  13    3.278088e-01   4.008842e-02   2.665996e-01   1.656119e+00   15        13        0         
  14    3.277763e-01   4.519198e-03   1.373790e-02   4.140298e+00   16        14        0         
  15    3.277627e-01   1.717708e-02   1.540685e-02   1.035075e+01   17        15        0         
Optimization Terminated with Status: Iteration Limit Exceeded
  6     3.277911e-01   3.286886e-04   4.835626e-02   5.260444e-01   1.00e+02  1.26e-02  1.00e-04  102     83      171     15      

Dogleg Trust-Region Solver with Limited-Memory BFGS Hessian Approximation
  iter  value          gnorm          snorm          delta          #fval     #grad     tr_flag   
  0     3.277641e-01   6.561122e-03                  6.989040e-04   
  1     3.277641e-01   6.561122e-03   6.989040e-04   7.340926e-05   3         1         2         
  2     3.277638e-01   4.611411e-03   7.340926e-05   7.340926e-05   4         2         0         
  3     3.277634e-01   4.580119e-03   7.340926e-05   1.835232e-04   5         3         0         
  4     3.277626e-01   4.832549e-03   1.835232e-04   4.588079e-04   6         4         0         
  5     3.277613e-01   1.256202e-02   4.588079e-04   1.147020e-03   7         5         0         
  6     3.277555e-01   4.705486e-03   1.147020e-03   2.867549e-03   8         6         0         
  7     3.277436e-01   1.207944e-02   2.867549e-03   7.168873e-03   9         7         0         
  8     3.277135e-01   4.156101e-03   7.168873e-03   1.792218e-02   10        8         0         
  9     3.276520e-01   8.864537e-03   1.792218e-02   4.480546e-02   11        9         0         
  10    3.275681e-01   6.088893e-03   4.480546e-02   1.120136e-01   12        10        0         
  11    3.275497e-01   4.800862e-03   1.778597e-02   2.800341e-01   13        11        0         
  12    3.275113e-01   6.124969e-03   2.802029e-02   7.000853e-01   14        12        0         
  13    3.274303e-01   9.543634e-03   6.034319e-02   1.750213e+00   15        13        0         
  14    3.273526e-01   8.471271e-03   5.304767e-02   4.375533e+00   16        14        0         
  15    3.272325e-01   4.508560e-03   7.646785e-02   1.093883e+01   17        15        0         
Optimization Terminated with Status: Iteration Limit Exceeded
  7     3.272573e-01   3.015738e-04   1.269233e-02   2.977617e-01   1.00e+02  7.94e-03  1.00e-04  120     98      202     15      

Dogleg Trust-Region Solver with Limited-Memory BFGS Hessian Approximation
  iter  value          gnorm          snorm          delta          #fval     #grad     tr_flag   
  0     3.272336e-01   8.294192e-03                  6.934484e-04   
  1     3.272336e-01   8.294192e-03   6.934484e-04   7.205579e-05   3         1         2         
  2     3.272333e-01   3.252709e-03   7.205579e-05   7.205579e-05   4         2         0         
  3     3.272331e-01   3.416373e-03   4.831004e-05   1.801395e-04   5         3         0         
  4     3.272327e-01   5.470598e-03   1.801395e-04   4.503487e-04   6         4         0         
  5     3.272314e-01   8.444980e-03   4.503487e-04   1.125872e-03   7         5         0         
  6     3.272282e-01   1.149335e-02   1.125872e-03   2.814679e-03   8         6         0         
  7     3.272197e-01   1.293250e-02   2.814679e-03   7.036698e-03   9         7         0         
  8     3.271986e-01   7.775617e-03   7.036698e-03   1.759175e-02   10        8         0         
  9     3.271528e-01   3.558491e-03   1.759175e-02   4.397936e-02   11        9         0         
  10    3.270775e-01   8.918355e-03   4.397936e-02   1.099484e-01   12        10        0         
  11    3.270458e-01   4.599988e-03   4.184220e-02   2.748710e-01   13        11        0         
  12    3.270307e-01   4.886698e-03   1.480353e-02   6.871776e-01   14        12        0         
  13    3.269579e-01   3.399244e-02   7.669057e-02   1.717944e+00   15        13        0         
  14    3.268999e-01   4.043711e-02   6.490615e-02   4.294860e+00   16        14        0         
  15    3.268424e-01   1.083788e-02   6.696184e-02   1.073715e+01   17        15        0         
Optimization Terminated with Status: Iteration Limit Exceeded
  8     3.268356e-01   8.359097e-05   3.051038e-02   3.178602e-01   1.00e+02  5.01e-03  1.00e-04  138     113     233     15      

Dogleg Trust-Region Solver with Limited-Memory BFGS Hessian Approximation
  iter  value          gnorm          snorm          delta          #fval     #grad     tr_flag   
  0     3.268425e-01   1.362085e-02                  1.120106e-03   
  1     3.268425e-01   1.362085e-02   1.120106e-03   1.163150e-04   3         1         2         
  2     3.268415e-01   4.890659e-03   1.163150e-04   1.163150e-04   4         2         0         
  3     3.268412e-01   4.947044e-03   6.947788e-05   2.907874e-04   5         3         0         
  4     3.268402e-01   9.194656e-03   2.907874e-04   7.269685e-04   6         4         0         
  5     3.268377e-01   1.626280e-02   7.269685e-04   1.817421e-03   7         5         0         
  6     3.268314e-01   2.518043e-02   1.817421e-03   4.543553e-03   8         6         0         
  7     3.268151e-01   3.444254e-02   4.543553e-03   1.135888e-02   9         7         0         
  8     3.267773e-01   3.891671e-02   1.135888e-02   2.839721e-02   10        8         0         
  9     3.267248e-01   3.232892e-02   2.839721e-02   7.099301e-02   11        9         0         
  10    3.267079e-01   2.064039e-02   9.942914e-03   1.774825e-01   12        10        0         
  11    3.266667e-01   2.635039e-02   2.926891e-02   4.437063e-01   13        11        0         
  12    3.266432e-01   5.000236e-02   1.832972e-02   1.109266e+00   14        12        0         
  13    3.266069e-01   6.626428e-02   3.114000e-02   2.773165e+00   15        13        0         
  14    3.265783e-01   4.810423e-02   2.829972e-02   6.932912e+00   16        14        0         
  15    3.265668e-01   1.367930e-02   1.109060e-02   1.733228e+01   17        15        0         
Optimization Terminated with Status: Iteration Limit Exceeded
  9     3.265528e-01   1.695631e-04   3.850944e-02   1.651282e-01   1.00e+02  3.16e-03  1.00e-04  156     128     264     15      

Dogleg Trust-Region Solver with Limited-Memory BFGS Hessian Approximation
  iter  value          gnorm          snorm          delta          #fval     #grad     tr_flag   
  0     3.265672e-01   1.974515e-02                  1.535822e-03   
  1     3.265672e-01   1.974515e-02   1.535822e-03   1.591529e-04   3         1         2         
  2     3.265653e-01   3.931398e-03   1.591529e-04   1.591529e-04   4         2         0         
  3     3.265652e-01   2.266485e-03   4.237906e-05   3.978822e-04   5         3         0         
  4     3.265652e-01   2.841014e-03   4.462459e-05   9.947055e-04   6         4         0         
  5     3.265647e-01   7.036288e-03   2.819973e-04   2.486764e-03   7         5         0         
  6     3.265638e-01   1.318584e-02   6.721307e-04   6.216909e-03   8         6         0         
  7     3.265613e-01   2.392738e-02   2.012659e-03   1.554227e-02   9         7         0         
  8     3.265554e-01   3.927524e-02   5.054623e-03   3.885568e-02   10        8         0         
  9     3.265419e-01   5.852910e-02   1.201442e-02   9.713921e-02   11        9         0         
  10    3.265177e-01   7.165131e-02   2.275851e-02   2.428480e-01   12        10        0         
  11    3.264887e-01   6.031619e-02   2.875404e-02   6.071200e-01   13        11        0         
  12    3.264705e-01   2.553984e-02   1.766255e-02   1.517800e+00   14        12        0         
  13    3.264666e-01   2.932994e-03   1.169213e-03   3.794500e+00   15        13        0         
  14    3.264664e-01   4.168024e-03   1.987521e-03   9.486251e+00   16        14        0         
  15    3.264661e-01   5.411396e-03   1.272503e-03   2.371563e+01   17        15        0         
Optimization Terminated with Status: Iteration Limit Exceeded
  10    3.264861e-01   2.427995e-04   1.523396e-02   9.575518e-02   1.00e+02  2.00e-03  1.00e-04  174     143     295     15      

Dogleg Trust-Region Solver with Limited-Memory BFGS Hessian Approximation
  iter  value          gnorm          snorm          delta          #fval     #grad     tr_flag   
  0     3.264669e-01   4.807097e-03                  4.406921e-04   
  1     3.264669e-01   4.807097e-03   4.406921e-04   4.596546e-05   3         1         2         
  2     3.264667e-01   2.611853e-03   4.596546e-05   4.596546e-05   4         2         0         
  3     3.264666e-01   2.914908e-03   4.596546e-05   1.149137e-04   5         3         0         
  4     3.264663e-01   2.983641e-03   1.149137e-04   2.872842e-04   6         4         0         
  5     3.264656e-01   3.977212e-03   2.872842e-04   7.182104e-04   7         5         0         
  6     3.264638e-01   3.301800e-03   7.182104e-04   1.795526e-03   8         6         0         
  7     3.264594e-01   3.671231e-03   1.795526e-03   4.488815e-03   9         7         0         
  8     3.264494e-01   2.674805e-03   4.488815e-03   1.122204e-02   10        8         0         
  9     3.264312e-01   2.499694e-03   1.122204e-02   2.805509e-02   11        9         0         
  10    3.264179e-01   2.361611e-03   1.753542e-02   7.013773e-02   12        10        0         
  11    3.263920e-01   2.198368e-03   1.858085e-02   1.753443e-01   13        11        0         
  12    3.262090e-01   9.082599e-03   1.753443e-01   4.383608e-01   14        12        0         
  13    3.260657e-01   2.482265e-02   2.051968e-01   1.095902e+00   15        13        0         
  14    3.259246e-01   2.902987e-02   2.180705e-01   2.739755e+00   16        14        0         
  15    3.256737e-01   4.598800e-02   3.403831e-01   6.849388e+00   17        15        0         
Optimization Terminated with Status: Iteration Limit Exceeded
  11    3.257690e-01   1.321614e-03   1.294637e-01   1.022118e+00   1.00e+02  1.26e-03  1.00e-04  192     158     326     15      

Dogleg Trust-Region Solver with Limited-Memory BFGS Hessian Approximation
  iter  value          gnorm          snorm          delta          #fval     #grad     tr_flag   
  0     3.256957e-01   9.369542e-02                  7.283278e-03   
  1     3.256957e-01   9.369542e-02   7.283278e-03   7.547283e-04   3         1         2         
  2     3.256547e-01   1.607765e-02   7.547283e-04   7.547283e-04   4         2         0         
  3     3.256531e-01   6.612771e-03   1.621662e-04   1.886821e-03   5         3         0         
  4     3.256526e-01   7.396214e-03   9.371801e-05   4.717052e-03   6         4         0         
  5     3.256475e-01   2.211139e-02   1.105749e-03   1.179263e-02   7         5         0         
  6     3.256380e-01   4.149839e-02   2.396480e-03   2.948157e-02   8         6         0         
  7     3.256113e-01   7.464574e-02   7.346345e-03   7.370393e-02   9         7         0         
  8     3.255546e-01   1.123945e-01   1.677920e-02   1.842598e-01   10        8         0         
  9     3.254529e-01   1.336273e-01   3.302635e-02   4.606496e-01   11        9         0         
  10    3.253518e-01   9.828947e-02   3.822148e-02   1.151624e+00   12        10        0         
  11    3.253112e-01   3.756500e-02   1.387786e-02   2.879060e+00   13        11        0         
  12    3.253023e-01   4.729705e-03   3.737715e-03   7.197650e+00   14        12        0         
  13    3.253016e-01   4.900411e-03   3.166618e-03   1.799412e+01   15        13        0         
  14    3.253011e-01   5.353167e-03   7.434391e-04   4.498531e+01   16        14        0         
  15    3.252939e-01   1.037338e-02   6.180883e-03   1.124633e+02   17        15        0         
Optimization Terminated with Status: Iteration Limit Exceeded
  12    3.252337e-01   8.690307e-04   2.920274e-02   1.306507e-01   1.00e+02  1.00e-03  1.00e-04  210     173     357     15      

Dogleg Trust-Region Solver with Limited-Memory BFGS Hessian Approximation
  iter  value          gnorm          snorm          delta          #fval     #grad     tr_flag   
  0     3.253035e-01   2.184524e-02                  1.700190e-03   
  1     3.253035e-01   2.184524e-02   1.700190e-03   1.761897e-04   3         1         2         
  2     3.253012e-01   4.664024e-03   1.761897e-04   1.761897e-04   4         2         0         
  3     3.253010e-01   3.199624e-03   5.213420e-05   4.404741e-04   5         3         0         
  4     3.253008e-01   4.420305e-03   8.074358e-05   1.101185e-03   6         4         0         
  5     3.253001e-01   9.991476e-03   3.720014e-04   2.752963e-03   7         5         0         
  6     3.252984e-01   1.829644e-02   9.246874e-04   6.882408e-03   8         6         0         
  7     3.252941e-01   3.089197e-02   2.526856e-03   1.720602e-02   9         7         0         
  8     3.252853e-01   4.406639e-02   5.543454e-03   4.301505e-02   10        8         0         
  9     3.252718e-01   4.759830e-02   9.340432e-03   1.075376e-01   11        9         0         
  10    3.252583e-01   2.959272e-02   9.302450e-03   2.688441e-01   12        10        0         
  11    3.252531e-01   4.886667e-03   3.782827e-03   6.721102e-01   13        11        0         
  12    3.252525e-01   3.947604e-03   6.640301e-04   1.680276e+00   14        12        0         
  13    3.252523e-01   6.004660e-03   5.776142e-04   4.200689e+00   15        13        0         
  14    3.252518e-01   9.100068e-03   9.649280e-04   1.050172e+01   16        14        0         
  15    3.252504e-01   1.400426e-02   1.652445e-03   2.625430e+01   17        15        0         
Optimization Terminated with Status: Iteration Limit Exceeded
  13    3.251966e-01   6.810674e-04   3.942428e-02   5.312733e-02   1.00e+02  1.00e-03  1.00e-04  228     188     388     15      

Dogleg Trust-Region Solver with Limited-Memory BFGS Hessian Approximation
  iter  value          gnorm          snorm          delta          #fval     #grad     tr_flag   
  0     3.252563e-01   3.864084e-02                  2.973877e-03   
  1     3.252563e-01   3.864084e-02   2.973877e-03   3.080566e-04   3         1         2         
  2     3.252493e-01   6.631729e-03   3.080566e-04   3.080566e-04   4         2         0         
  3     3.252491e-01   1.542505e-03   6.467237e-05   7.701416e-04   5         3         0         
  4     3.252491e-01   1.598466e-03   1.693563e-05   1.925354e-03   6         4         0         
  5     3.252484e-01   7.318949e-03   6.162920e-04   4.813385e-03   7         5         0         
  6     3.252473e-01   1.382641e-02   1.222404e-03   1.203346e-02   8         6         0         
  7     3.252441e-01   2.430079e-02   3.741331e-03   3.008366e-02   9         7         0         
  8     3.252386e-01   3.261368e-02   7.297096e-03   7.520914e-02   10        8         0         
  9     3.252314e-01   3.036410e-02   1.061694e-02   1.880229e-01   11        9         0         
  10    3.252247e-01   1.686934e-02   9.036306e-03   4.700571e-01   12        10        0         
  11    3.252202e-01   5.643082e-03   6.740072e-03   1.175143e+00   13        11        0         
  12    3.252187e-01   1.370927e-02   1.444518e-03   2.937857e+00   14        12        0         
  13    3.252156e-01   2.494250e-02   3.290102e-03   7.344643e+00   15        13        0         
  14    3.252097e-01   3.625714e-02   7.580892e-03   1.836161e+01   16        14        0         
  15    3.251981e-01   4.435906e-02   1.851497e-02   4.590402e+01   17        15        0         
Optimization Terminated with Status: Iteration Limit Exceeded
  14    3.251258e-01   8.171666e-04   1.248779e-01   9.332716e-02   1.00e+02  1.00e-03  1.00e-04  246     203     419     15      

Dogleg Trust-Region Solver with Limited-Memory BFGS Hessian Approximation
  iter  value          gnorm          snorm          delta          #fval     #grad     tr_flag   
  0     3.252065e-01   7.397430e-02                  5.675734e-03   
  1     3.252065e-01   7.397430e-02   5.675734e-03   5.878706e-04   3         1         2         
  2     3.251811e-01   1.261767e-02   5.878706e-04   5.878706e-04   4         2         0         
  3     3.251803e-01   1.175951e-03   1.211593e-04   1.469677e-03   5         3         0         
  4     3.251803e-01   1.182603e-03   1.151452e-05   3.674191e-03   6         4         0         
  5     3.251780e-01   1.263632e-02   2.670678e-03   9.185478e-03   7         5         0         
  6     3.251744e-01   2.365037e-02   4.990765e-03   2.296370e-02   8         6         0         
  7     3.251654e-01   3.909686e-02   1.450057e-02   5.740924e-02   9         7         0         
  8     3.251527e-01   4.487910e-02   2.327911e-02   1.435231e-01   10        8         0         
  9     3.251404e-01   3.116724e-02   2.456595e-02   3.588077e-01   11        9         0         
  10    3.251353e-01   8.466646e-03   1.015071e-02   8.970194e-01   12        10        0         
  11    3.251347e-01   2.367886e-03   1.102979e-03   2.242548e+00   13        11        0         
  12    3.251346e-01   3.544483e-03   1.211794e-03   5.606371e+00   14        12        0         
  13    3.251344e-01   5.153157e-03   1.652360e-03   1.401593e+01   15        13        0         
  14    3.251337e-01   8.441103e-03   2.848837e-03   3.503982e+01   16        14        0         
  15    3.251319e-01   1.376485e-02   3.510396e-03   8.759955e+01   17        15        0         
Optimization Terminated with Status: Iteration Limit Exceeded
  15    3.252051e-01   8.266701e-04   3.875027e-02   9.975601e-02   1.00e+02  1.00e-03  1.00e-04  264     218     450     15      
Optimization Terminated with Status: Iteration Limit Exceeded
ReducedObjective is deprecated and may be removedin the future. Use PDEconstrainedObjective instead.
