
 Augmented Lagrangian Solver
Subproblem Solver: Trust Region
  iter  fval           cnorm          gLnorm         snorm          penalty   feasTol   optTol    #fval   #grad   #cval   subIter 
  0     4.390868e-01   0.000000e+00   4.691024e-01                  1.00e+01  1.26e-01  1.00e-02  

Dogleg Trust-Region Solver with Limited-Memory BFGS Hessian Approximation
  iter  value          gnorm          snorm          delta          #fval     #grad     tr_flag   
  0     4.390868e-01   4.691024e-01                  3.803642e-01   
  1     3.504074e-01   1.571532e-01   3.803642e-01   3.803642e-01   3         2         0         
  2     3.308751e-01   1.104191e-01   1.537122e-01   9.509104e-01   4         3         0         
  3     3.308751e-01   1.104191e-01   4.707180e-01   1.176795e-01   5         3         5         
  4     3.203066e-01   8.113004e-02   1.176795e-01   2.941987e-01   6         4         0         
  5     3.077561e-01   1.486390e-01   2.941987e-01   7.354968e-01   7         5         0         
  6     3.071098e-01   2.040673e-01   2.115303e-01   7.354968e-01   8         6         0         
  7     3.031056e-01   3.982828e-02   1.038050e-01   7.354968e-01   9         7         0         
  8     3.022590e-01   3.340391e-02   3.950661e-02   1.838742e+00   10        8         0         
  9     3.013181e-01   8.154602e-02   9.282329e-02   1.838742e+00   11        9         0         
  10    3.001949e-01   2.331977e-02   3.227875e-02   4.596855e+00   12        10        0         
Optimization Terminated with Status: Iteration Limit Exceeded
  1     2.828291e-01   6.095902e-01   7.627810e-02   9.711355e-01   1.00e+02  1.26e-01  1.00e-01  15      12      23      10      

Dogleg Trust-Region Solver with Limited-Memory BFGS Hessian Approximation
  iter  value          gnorm          snorm          delta          #fval     #grad     tr_flag   
  0     2.019409e+00   1.779387e+01                  1.779387e+01   
  1     2.019409e+00   1.779387e+01   1.779387e+01   3.235250e+00   3         1         5         
  2     2.019409e+00   1.779387e+01   3.235250e+00   3.523539e-01   4         1         5         
  3     1.546326e+00   1.505995e+01   3.523539e-01   3.523539e-01   5         2         0         
  4     3.270195e-01   1.046919e-01   1.613932e-01   8.808848e-01   6         3         0         
  5     3.269148e-01   9.086481e-02   1.125803e-03   2.202212e+00   7         4         0         
Optimization Terminated with Status: Converged
  2     3.265090e-01   9.318184e-03   2.972155e-01   4.754418e-01   1.00e+02  7.94e-02  1.00e-03  23      16      33      5       

Dogleg Trust-Region Solver with Limited-Memory BFGS Hessian Approximation
  iter  value          gnorm          snorm          delta          #fval     #grad     tr_flag   
  0     3.277263e-01   2.894523e-01                  2.482651e-02   
  1     3.277263e-01   2.894523e-01   2.482651e-02   2.582320e-03   3         1         2         
  2     3.272585e-01   1.015476e-01   2.582320e-03   2.582320e-03   4         2         0         
  3     3.271322e-01   9.125838e-02   1.575043e-03   6.455800e-03   5         3         0         
  4     3.268656e-01   1.441477e-01   4.392510e-03   1.613950e-02   6         4         0         
  5     3.263828e-01   2.046407e-01   9.955630e-03   4.034875e-02   7         5         0         
  6     3.258078e-01   1.620355e-01   1.464012e-02   1.008719e-01   8         6         0         
  7     3.254519e-01   4.797761e-02   1.280798e-02   2.521797e-01   9         7         0         
  8     3.253860e-01   3.036766e-02   5.006593e-03   6.304492e-01   10        8         0         
  9     3.253589e-01   4.510061e-02   2.465121e-03   1.576123e+00   11        9         0         
  10    3.252947e-01   5.445868e-02   5.930794e-03   3.940308e+00   12        10        0         
Optimization Terminated with Status: Iteration Limit Exceeded
  3     3.252038e-01   9.911023e-04   1.781323e-01   8.144390e-02   1.00e+02  5.01e-02  1.00e-04  36      26      54      10      

Dogleg Trust-Region Solver with Limited-Memory BFGS Hessian Approximation
  iter  value          gnorm          snorm          delta          #fval     #grad     tr_flag   
  0     3.253039e-01   8.232843e-02                  6.902512e-03   
  1     3.253039e-01   8.232843e-02   6.902512e-03   7.173144e-04   3         1         2         
  2     3.252674e-01   2.471499e-02   7.173144e-04   7.173144e-04   4         2         0         
  3     3.252610e-01   1.986156e-02   3.482512e-04   1.793286e-03   5         3         0         
  4     3.252505e-01   3.026538e-02   7.385914e-04   4.483215e-03   6         4         0         
  5     3.252215e-01   5.746851e-02   2.467810e-03   1.120804e-02   7         5         0         
  6     3.251834e-01   8.141429e-02   5.056269e-03   2.802009e-02   8         6         0         
  7     3.251428e-01   5.879724e-02   2.644049e-03   7.005023e-02   9         7         0         
  8     3.250758e-01   3.284742e-02   7.493603e-03   1.751256e-01   10        8         0         
  9     3.250667e-01   3.678534e-02   1.119691e-03   4.378140e-01   11        9         0         
  10    3.250181e-01   3.172145e-02   7.957160e-03   1.094535e+00   12        10        0         
Optimization Terminated with Status: Iteration Limit Exceeded
  4     3.250838e-01   7.058856e-04   1.037597e-01   4.766472e-02   1.00e+02  3.16e-02  1.00e-04  49      36      75      10      

Dogleg Trust-Region Solver with Limited-Memory BFGS Hessian Approximation
  iter  value          gnorm          snorm          delta          #fval     #grad     tr_flag   
  0     3.250228e-01   1.463433e-02                  1.942952e-03   
  1     3.250228e-01   1.463433e-02   1.942952e-03   2.066410e-04   3         1         2         
  2     3.250205e-01   1.172611e-02   2.066410e-04   2.066410e-04   4         2         0         
  3     3.250182e-01   1.106970e-02   2.066410e-04   5.166025e-04   5         3         0         
  4     3.250131e-01   1.142618e-02   5.166025e-04   1.291506e-03   6         4         0         
  5     3.250027e-01   1.279182e-02   1.291506e-03   3.228765e-03   7         5         0         
  6     3.249897e-01   7.464653e-03   3.228765e-03   8.071914e-03   8         6         0         
  7     3.249830e-01   6.167913e-03   1.443437e-03   2.017978e-02   9         7         0         
  8     3.249616e-01   6.225964e-03   6.649237e-03   5.044946e-02   10        8         0         
  9     3.249407e-01   7.792399e-03   9.204175e-03   1.261237e-01   11        9         0         
  10    3.249322e-01   1.075767e-02   1.314071e-02   1.261237e-01   12        10        0         
Optimization Terminated with Status: Iteration Limit Exceeded
  5     3.250274e-01   1.126212e-03   3.518795e-02   6.731301e-02   1.00e+02  2.00e-02  1.00e-04  62      46      96      10      

Dogleg Trust-Region Solver with Limited-Memory BFGS Hessian Approximation
  iter  value          gnorm          snorm          delta          #fval     #grad     tr_flag   
  0     3.249441e-01   3.651853e-02                  3.099391e-03   
  1     3.249441e-01   3.651853e-02   3.099391e-03   3.222465e-04   3         1         2         
  2     3.249368e-01   1.178315e-02   3.222465e-04   3.222465e-04   4         2         0         
  3     3.249352e-01   9.618087e-03   1.739236e-04   8.056162e-04   5         3         0         
  4     3.249328e-01   1.286326e-02   3.814660e-04   2.014040e-03   6         4         0         
  5     3.249293e-01   1.360283e-02   7.428679e-04   5.035101e-03   7         5         0         
  6     3.249261e-01   5.615117e-03   8.058946e-04   1.258775e-02   8         6         0         
  7     3.249244e-01   6.247980e-03   8.254982e-04   3.146938e-02   9         7         0         
  8     3.249231e-01   1.016805e-02   6.985566e-04   7.867346e-02   10        8         0         
  9     3.249202e-01   1.468187e-02   1.778605e-03   1.966836e-01   11        9         0         
  10    3.249169e-01   1.231888e-02   2.152804e-03   4.917091e-01   12        10        0         
Optimization Terminated with Status: Iteration Limit Exceeded
  6     3.249415e-01   3.160199e-04   4.029459e-02   1.655616e-02   1.00e+02  1.26e-02  1.00e-04  75      56      117     10      

Dogleg Trust-Region Solver with Limited-Memory BFGS Hessian Approximation
  iter  value          gnorm          snorm          delta          #fval     #grad     tr_flag   
  0     3.249178e-01   2.132712e-02                  1.766628e-03   
  1     3.249178e-01   2.132712e-02   1.766628e-03   1.835030e-04   3         1         2         
  2     3.249154e-01   5.684560e-03   1.835030e-04   1.835030e-04   4         2         0         
  3     3.249152e-01   3.793165e-03   7.425134e-05   4.587574e-04   5         3         0         
  4     3.249149e-01   4.850355e-03   1.030963e-04   1.146894e-03   6         4         0         
  5     3.249141e-01   7.705151e-03   3.661257e-04   2.867234e-03   7         5         0         
  6     3.249132e-01   7.007496e-03   4.770277e-04   7.168085e-03   8         6         0         
  7     3.249120e-01   4.506011e-03   7.700256e-04   1.792021e-02   9         7         0         
  8     3.249106e-01   2.917305e-03   1.277524e-03   4.480053e-02   10        8         0         
  9     3.249100e-01   4.331142e-03   8.164431e-04   1.120013e-01   11        9         0         
  10    3.249090e-01   4.498386e-03   1.083985e-03   2.800033e-01   12        10        0         
Optimization Terminated with Status: Iteration Limit Exceeded
  7     3.248893e-01   2.549212e-04   1.471406e-02   1.234353e-02   1.00e+02  7.94e-03  1.00e-04  88      66      138     10      

Dogleg Trust-Region Solver with Limited-Memory BFGS Hessian Approximation
  iter  value          gnorm          snorm          delta          #fval     #grad     tr_flag   
  0     3.249096e-01   4.680884e-03                  4.551610e-04   
  1     3.249096e-01   4.680884e-03   4.551610e-04   4.759889e-05   3         1         2         
  2     3.249095e-01   2.579320e-03   4.759889e-05   4.759889e-05   4         2         0         
  3     3.249094e-01   2.514427e-03   4.759889e-05   1.189972e-04   5         3         0         
  4     3.249091e-01   2.778917e-03   1.189972e-04   2.974931e-04   6         4         0         
  5     3.249085e-01   2.584317e-03   2.974931e-04   7.437327e-04   7         5         0         
  6     3.249079e-01   1.968507e-03   7.437327e-04   1.859332e-03   8         6         0         
  7     3.249074e-01   1.662898e-03   4.093678e-04   4.648329e-03   9         7         0         
  8     3.249055e-01   1.994747e-03   2.154370e-03   1.162082e-02   10        8         0         
  9     3.249031e-01   2.724379e-03   3.332271e-03   2.905206e-02   11        9         0         
  10    3.248974e-01   4.885622e-03   1.204127e-02   7.263015e-02   12        10        0         
Optimization Terminated with Status: Iteration Limit Exceeded
  8     3.248882e-01   1.160359e-04   1.598069e-02   2.209673e-02   1.00e+02  5.01e-03  1.00e-04  101     76      159     10      

Dogleg Trust-Region Solver with Limited-Memory BFGS Hessian Approximation
  iter  value          gnorm          snorm          delta          #fval     #grad     tr_flag   
  0     3.248975e-01   5.340012e-03                  8.766307e-04   
  1     3.248975e-01   5.340012e-03   8.766307e-04   9.465558e-05   3         1         2         
  2     3.248971e-01   4.708879e-03   9.465558e-05   9.465558e-05   4         2         0         
  3     3.248967e-01   4.325662e-03   9.465558e-05   2.366389e-04   5         3         0         
  4     3.248960e-01   6.527783e-03   2.366389e-04   5.915974e-04   6         4         0         
  5     3.248946e-01   2.141967e-03   5.915974e-04   1.478993e-03   7         5         0         
  6     3.248941e-01   2.222629e-03   3.953441e-04   3.697484e-03   8         6         0         
  7     3.248931e-01   1.637064e-03   7.794741e-04   9.243709e-03   9         7         0         
  8     3.248918e-01   1.740131e-03   1.481278e-03   2.310927e-02   10        8         0         
  9     3.248918e-01   1.740131e-03   2.945587e-03   7.363967e-04   11        8         2         
  10    3.248910e-01   2.086584e-03   7.363967e-04   1.840992e-03   12        9         0         
Optimization Terminated with Status: Iteration Limit Exceeded
  9     3.248853e-01   7.089631e-05   6.825140e-03   5.734001e-03   1.00e+02  3.16e-03  1.00e-04  114     85      179     10      
Optimization Terminated with Status: Converged
ReducedObjective is deprecated and may be removedin the future. Use PDEconstrainedObjective instead.
